CRITICAL - 2022-01-16 17:51:07 --> Invalid argument supplied for foreach()
#0 /opt/lampp/htdocs/biblioteca/app/Views/libros/listar.php(33): CodeIgniter\Debug\Exceptions->errorHandler()
#1 /opt/lampp/htdocs/biblioteca/system/View/View.php(210): include('/opt/lampp/htdo...')
#2 /opt/lampp/htdocs/biblioteca/system/View/View.php(213): CodeIgniter\View\View->CodeIgniter\View\{closure}()
#3 /opt/lampp/htdocs/biblioteca/system/Common.php(1089): CodeIgniter\View\View->render()
#4 /opt/lampp/htdocs/biblioteca/app/Controllers/Libros.php(11): view()
#5 /opt/lampp/htdocs/biblioteca/system/CodeIgniter.php(825): App\Controllers\Libros->index()
#6 /opt/lampp/htdocs/biblioteca/system/CodeIgniter.php(412): CodeIgniter\CodeIgniter->runController()
#7 /opt/lampp/htdocs/biblioteca/system/CodeIgniter.php(320): CodeIgniter\CodeIgniter->handleRequest()
#8 /opt/lampp/htdocs/biblioteca/public/index.php(37): CodeIgniter\CodeIgniter->run()
#9 /opt/lampp/htdocs/biblioteca/system/Commands/Server/rewrite.php(43): require_once('/opt/lampp/htdo...')
#10 {main}
CRITICAL - 2022-01-16 17:58:10 --> Use of undefined constant MYSQLI_STORE_RESULT - assumed 'MYSQLI_STORE_RESULT' (this will throw an Error in a future version of PHP)
#0 /opt/lampp/htdocs/biblioteca/system/Database/Database.php(136): CodeIgniter\Debug\Exceptions->errorHandler()
#1 /opt/lampp/htdocs/biblioteca/system/Database/Database.php(56): CodeIgniter\Database\Database->initDriver()
#2 /opt/lampp/htdocs/biblioteca/system/Database/Config.php(78): CodeIgniter\Database\Database->load()
#3 /opt/lampp/htdocs/biblioteca/system/Model.php(97): CodeIgniter\Database\Config::connect()
#4 /opt/lampp/htdocs/biblioteca/app/Controllers/Libros.php(12): CodeIgniter\Model->__construct()
#5 /opt/lampp/htdocs/biblioteca/system/CodeIgniter.php(825): App\Controllers\Libros->index()
#6 /opt/lampp/htdocs/biblioteca/system/CodeIgniter.php(412): CodeIgniter\CodeIgniter->runController()
#7 /opt/lampp/htdocs/biblioteca/system/CodeIgniter.php(320): CodeIgniter\CodeIgniter->handleRequest()
#8 /opt/lampp/htdocs/biblioteca/public/index.php(37): CodeIgniter\CodeIgniter->run()
#9 /opt/lampp/htdocs/biblioteca/system/Commands/Server/rewrite.php(43): require_once('/opt/lampp/htdo...')
#10 {main}
ERROR - 2022-01-16 18:04:18 --> Error connecting to the database: No such file or directory
CRITICAL - 2022-01-16 18:04:18 --> Unable to connect to the database.
Main connection [MySQLi]: No such file or directory
#0 /opt/lampp/htdocs/biblioteca/system/Database/BaseConnection.php(577): CodeIgniter\Database\BaseConnection->initialize()
#1 /opt/lampp/htdocs/biblioteca/system/Database/BaseBuilder.php(1455): CodeIgniter\Database\BaseConnection->query()
#2 /opt/lampp/htdocs/biblioteca/system/Model.php(183): CodeIgniter\Database\BaseBuilder->get()
#3 /opt/lampp/htdocs/biblioteca/system/BaseModel.php(584): CodeIgniter\Model->doFindAll()
#4 /opt/lampp/htdocs/biblioteca/app/Controllers/Libros.php(13): CodeIgniter\BaseModel->findAll()
#5 /opt/lampp/htdocs/biblioteca/system/CodeIgniter.php(825): App\Controllers\Libros->index()
#6 /opt/lampp/htdocs/biblioteca/system/CodeIgniter.php(412): CodeIgniter\CodeIgniter->runController()
#7 /opt/lampp/htdocs/biblioteca/system/CodeIgniter.php(320): CodeIgniter\CodeIgniter->handleRequest()
#8 /opt/lampp/htdocs/biblioteca/public/index.php(37): CodeIgniter\CodeIgniter->run()
#9 /opt/lampp/htdocs/biblioteca/system/Commands/Server/rewrite.php(43): require_once('/opt/lampp/htdo...')
#10 {main}
ERROR - 2022-01-16 18:16:46 --> Error connecting to the database: No such file or directory
CRITICAL - 2022-01-16 18:16:46 --> Unable to connect to the database.
Main connection [MySQLi]: No such file or directory
#0 /opt/lampp/htdocs/biblioteca/system/Database/BaseConnection.php(577): CodeIgniter\Database\BaseConnection->initialize()
#1 /opt/lampp/htdocs/biblioteca/system/Database/BaseBuilder.php(1455): CodeIgniter\Database\BaseConnection->query()
#2 /opt/lampp/htdocs/biblioteca/system/Model.php(183): CodeIgniter\Database\BaseBuilder->get()
#3 /opt/lampp/htdocs/biblioteca/system/BaseModel.php(584): CodeIgniter\Model->doFindAll()
#4 /opt/lampp/htdocs/biblioteca/app/Controllers/Libros.php(13): CodeIgniter\BaseModel->findAll()
#5 /opt/lampp/htdocs/biblioteca/system/CodeIgniter.php(825): App\Controllers\Libros->index()
#6 /opt/lampp/htdocs/biblioteca/system/CodeIgniter.php(412): CodeIgniter\CodeIgniter->runController()
#7 /opt/lampp/htdocs/biblioteca/system/CodeIgniter.php(320): CodeIgniter\CodeIgniter->handleRequest()
#8 /opt/lampp/htdocs/biblioteca/public/index.php(37): CodeIgniter\CodeIgniter->run()
#9 /opt/lampp/htdocs/biblioteca/system/Commands/Server/rewrite.php(43): require_once('/opt/lampp/htdo...')
#10 {main}
